<?xml version="1.0" encoding="UTF-8"?>
<!-- Generated by org.testng.reporters.JUnitReportReporter -->
<testsuite skipped="0" hostname="Bens-MacBook-Pro.local" name="com.crm.qa.testcases.LoginPageTest" tests="3" failures="0" timestamp="14 Aug 2019 00:40:53 GMT" time="17.200" errors="0">
  <testcase name="loginPageTitleTest" time="5.432" classname="com.crm.qa.testcases.LoginPageTest"/>
  <testcase name="crmLogoImageTest" time="4.620" classname="com.crm.qa.testcases.LoginPageTest"/>
  <testcase name="loginTest" time="7.148" classname="com.crm.qa.testcases.LoginPageTest"/>
</testsuite> <!-- com.crm.qa.testcases.LoginPageTest -->
