<?xml version="1.0" encoding="UTF-8"?>
<!-- Generated by org.testng.reporters.JUnitReportReporter -->
<testsuite skipped="0" hostname="Bens-MacBook-Pro.local" name="com.crm.qa.testcases.ConactsPageTest" tests="6" failures="0" timestamp="14 Aug 2019 00:40:53 GMT" time="54.395" errors="0">
  <testcase name="verifyContactsPageLabel" time="8.055" classname="com.crm.qa.testcases.ConactsPageTest"/>
  <testcase name="selectSingleContactsTest" time="7.768" classname="com.crm.qa.testcases.ConactsPageTest"/>
  <testcase name="selectMultipleContactsTest" time="8.025" classname="com.crm.qa.testcases.ConactsPageTest"/>
  <testcase name="validateCreateNewContact" time="10.021" classname="com.crm.qa.testcases.ConactsPageTest"/>
  <testcase name="validateCreateNewContact" time="10.216" classname="com.crm.qa.testcases.ConactsPageTest"/>
  <testcase name="validateCreateNewContact" time="10.310" classname="com.crm.qa.testcases.ConactsPageTest"/>
</testsuite> <!-- com.crm.qa.testcases.ConactsPageTest -->
