<?xml version="1.0" encoding="UTF-8"?>
<!-- Generated by org.testng.reporters.JUnitReportReporter -->
<testsuite skipped="0" hostname="Bens-MacBook-Pro.local" name="com.crm.qa.testcases.HomePageTest" tests="1" failures="0" timestamp="14 Aug 2019 09:16:01 GMT" time="6.635" errors="0">
  <testcase name="verifyHomePageTitleTest" time="6.635" classname="com.crm.qa.testcases.HomePageTest"/>
</testsuite> <!-- com.crm.qa.testcases.HomePageTest -->
