<?xml version="1.0" encoding="UTF-8"?>
<!-- Generated by org.testng.reporters.JUnitReportReporter -->
<testsuite skipped="0" hostname="Bens-MacBook-Pro.local" name="com.crm.qa.testcases.ConactsPageTest" tests="1" failures="0" timestamp="14 Aug 2019 09:16:01 GMT" time="9.758" errors="0">
  <testcase name="verifyContactsPageLabel" time="9.758" classname="com.crm.qa.testcases.ConactsPageTest"/>
</testsuite> <!-- com.crm.qa.testcases.ConactsPageTest -->
